<?xml version="1.0" encoding="UTF-8"?>
<testsuite xmlns:xsi="http://www.w3.org/2001/XMLSchema-instance" xsi:noNamespaceSchemaLocation="https://maven.apache.org/surefire/maven-surefire-plugin/xsd/surefire-test-report.xsd" name="TestSuite" time="135.748" tests="13" errors="0" skipped="0" failures="1">
  <properties>
[...]
</properties>
  <testcase name="testInvestSuccess" classname="com.yike.testcases.TestInvest" time="16.992"/>
  <testcase name="testLoginSuccess" classname="com.yike.testcases.TestLogin" time="4.509"/>
  <testcase name="testPhoneWrongFormatAndEmptyPwd" classname="com.yike.testcases.TestLogin" time="0.873">
    <failure message="expected [请输入手机] but found [请输入手机号]" type="java.lang.AssertionError">java.lang.AssertionError: expected [请输入手机] but found [请输入手机号]
	at com.yike.testcases.TestLogin.testPhoneWrongFormatAndEmptyPwd(TestLogin.java:48)
</failure>
    <system-out><![CDATA[2021-06-19 15:55:26 INFO  BaseTest:96- 关闭浏览器
2021-06-19 15:55:27 INFO  BaseTest:41- 打开【chrome】浏览器
2021-06-19 15:55:32 INFO  BaseTest:68- 打开访问地址【http://8.129.91.152:8765//Index/login.html】
2021-06-19 15:55:32 INFO  BaseTest:77- 设置全局隐式等待时间【5】秒
2021-06-19 15:55:32 INFO  BasePage:48- 往元素【登录页面_手机号输入框】输入了数据【】
2021-06-19 15:55:32 INFO  BasePage:48- 往元素【登录页面_密码输入框】输入了数据【smile123fan】
2021-06-19 15:55:32 INFO  BasePage:35- 点击了元素【登录页面_登录按钮】
2021-06-19 15:55:33 INFO  BasePage:73- 获取元素【登录页面_获取输入框提示信息】文本信息：【请输入手机号】
2021-06-19 15:55:33 INFO  Assertion:55- 断言实际值【请输入手机号】与期望值【请输入手机】
2021-06-19 15:55:33 ERROR Assertion:58- 断言实际值【请输入手机号】与期望值【请输入手机】失败
2021-06-19 15:55:33 ERROR Assertion:59- java.lang.AssertionError: expected [请输入手机] but found [请输入手机号]
]]></system-out>
    <system-err><![CDATA[Starting ChromeDriver 89.0.4389.23 (61b08ee2c50024bab004e48d2b1b083cdbdac579-refs/branch-heads/4389@{#294}) on port 3609
Only local connections are allowed.
Please see https://chromedriver.chromium.org/security-considerations for suggestions on keeping ChromeDriver safe.
ChromeDriver was started successfully.
[1624089327.873][WARNING]: This version of ChromeDriver has not been tested with Chrome version 90.
六月 19, 2021 3:55:27 下午 org.openqa.selenium.remote.ProtocolHandshake createSession
信息: Detected dialect: W3C
]]></system-err>
  </testcase>
  <testcase name="testPhoneWrongFormatAndEmptyPwd" classname="com.yike.testcases.TestLogin" time="0.551"/>
  <testcase name="testPhoneWrongFormatAndEmptyPwd" classname="com.yike.testcases.TestLogin" time="0.443"/>
  <testcase name="testPhoneWrongFormatAndEmptyPwd" classname="com.yike.testcases.TestLogin" time="0.461"/>
  <testcase name="testPhoneWrongFormatAndEmptyPwd" classname="com.yike.testcases.TestLogin" time="0.432"/>
  <testcase name="testPhoneWrongFormatAndEmptyPwd" classname="com.yike.testcases.TestLogin" time="0.49"/>
  <testcase name="testPhoneUnregisterAndWrongPwd" classname="com.yike.testcases.TestLogin" time="1.52"/>
  <testcase name="testPhoneUnregisterAndWrongPwd" classname="com.yike.testcases.TestLogin" time="1.189"/>
  <testcase name="testPhoneUnregisterAndWrongPwd" classname="com.yike.testcases.TestLogin" time="0.602"/>
  <testcase name="testPhoneUnregisterAndWrongPwd" classname="com.yike.testcases.TestLogin" time="1.157"/>
  <testcase name="testPhoneUnregisterAndWrongPwd" classname="com.yike.testcases.TestLogin" time="1.269"/>
</testsuite>