<?xml version="1.0" encoding="UTF-8"?>
<testng-results skipped="0" failed="1" ignored="0" total="13" passed="12">
  <reporter-output>
  </reporter-output>
  <suite name="All Test Suite" duration-ms="133157" started-at="2021-06-19T15:54:28 CST" finished-at="2021-06-19T15:56:41 CST">
    <groups>
    </groups>
    <test name="D:/code/java_web_frame" duration-ms="133157" started-at="2021-06-19T15:54:28 CST" finished-at="2021-06-19T15:56:41 CST">
      <class name="com.yike.testcases.TestLogin">
        <test-method status="PASS" signature="setup()[pri:0, instance:com.yike.testcases.TestLogin@3bde62ff]" name="setup" is-config="true" duration-ms="6335" started-at="2021-06-19T15:55:14 CST" finished-at="2021-06-19T15:55:21 CST">
          <reporter-output>
          </reporter-output>
        </test-method> <!-- setup -->
        <test-method status="PASS" signature="testLoginSuccess()[pri:0, instance:com.yike.testcases.TestLogin@3bde62ff]" name="testLoginSuccess" duration-ms="4513" started-at="2021-06-19T15:55:21 CST" finished-at="2021-06-19T15:55:25 CST">
          <reporter-output>
          </reporter-output>
        </test-method> <!-- testLoginSuccess -->
        <test-method status="PASS" signature="teardown()[pri:0, instance:com.yike.testcases.TestLogin@3bde62ff]" name="teardown" is-config="true" duration-ms="752" started-at="2021-06-19T15:55:25 CST" finished-at="2021-06-19T15:55:26 CST">
          <reporter-output>
          </reporter-output>
        </test-method> <!-- teardown -->
        <test-method status="PASS" signature="setup()[pri:0, instance:com.yike.testcases.TestLogin@3bde62ff]" name="setup" is-config="true" duration-ms="6127" started-at="2021-06-19T15:55:26 CST" finished-at="2021-06-19T15:55:32 CST">
          <reporter-output>
          </reporter-output>
        </test-method> <!-- setup -->
        <test-method status="FAIL" signature="testPhoneWrongFormatAndEmptyPwd(java.lang.String, java.lang.String, java.lang.String)[pri:0, instance:com.yike.testcases.TestLogin@3bde62ff]" name="testPhoneWrongFormatAndEmptyPwd" duration-ms="859" started-at="2021-06-19T15:55:32 CST" data-provider="getPhoneWrongFormatAndEmptyPwdDatas" finished-at="2021-06-19T15:55:33 CST">
          <params>
            <param index="0">
              <value>
                <![CDATA[]]>
              </value>
            </param>
            <param index="1">
              <value>
                <![CDATA[smile123fan]]>
              </value>
            </param>
            <param index="2">
              <value>
                <![CDATA[请输入手机]]>
              </value>
            </param>
          </params>
          <exception class="java.lang.AssertionError">
            <message>
              <![CDATA[expected [请输入手机] but found [请输入手机号]]]>
            </message>
            <full-stacktrace>
              <![CDATA[java.lang.AssertionError: expected [请输入手机] but found [请输入手机号]
at org.testng.Assert.fail(Assert.java:97)
at org.testng.Assert.assertEqualsImpl(Assert.java:136)
at org.testng.Assert.assertEquals(Assert.java:118)
at org.testng.Assert.assertEquals(Assert.java:575)
at org.testng.Assert.assertEquals(Assert.java:585)
at com.yike.base.Assertion.myAssertEquals(Assertion.java:56)
at com.yike.testcases.TestLogin.testPhoneWrongFormatAndEmptyPwd(TestLogin.java:48)
at sun.reflect.NativeMethodAccessorImpl.invoke0(Native Method)
at sun.reflect.NativeMethodAccessorImpl.invoke(NativeMethodAccessorImpl.java:62)
at sun.reflect.DelegatingMethodAccessorImpl.invoke(DelegatingMethodAccessorImpl.java:43)
at java.lang.reflect.Method.invoke(Method.java:498)
at org.testng.internal.MethodInvocationHelper.invokeMethod(MethodInvocationHelper.java:133)
at org.testng.internal.MethodInvocationHelper$1.runTestMethod(MethodInvocationHelper.java:239)
at com.yike.listener.TestFailListener.run(TestFailListener.java:22)
at org.testng.internal.MethodInvocationHelper.invokeHookable(MethodInvocationHelper.java:251)
at org.testng.internal.TestInvoker.invokeMethod(TestInvoker.java:580)
at org.testng.internal.TestInvoker.invokeTestMethod(TestInvoker.java:172)
at org.testng.internal.MethodRunner.runInSequence(MethodRunner.java:46)
at org.testng.internal.TestInvoker$MethodInvocationAgent.invoke(TestInvoker.java:804)
at org.testng.internal.TestInvoker.invokeTestMethods(TestInvoker.java:145)
at org.testng.internal.TestMethodWorker.invokeTestMethods(TestMethodWorker.java:146)
at org.testng.internal.TestMethodWorker.run(TestMethodWorker.java:128)
at java.util.ArrayList.forEach(ArrayList.java:1257)
at org.testng.TestRunner.privateRun(TestRunner.java:770)
at org.testng.TestRunner.run(TestRunner.java:591)
at org.testng.SuiteRunner.runTest(SuiteRunner.java:402)
at org.testng.SuiteRunner.runSequentially(SuiteRunner.java:396)
at org.testng.SuiteRunner.privateRun(SuiteRunner.java:355)
at org.testng.SuiteRunner.run(SuiteRunner.java:304)
at org.testng.SuiteRunnerWorker.runSuite(SuiteRunnerWorker.java:53)
at org.testng.SuiteRunnerWorker.run(SuiteRunnerWorker.java:96)
at org.testng.TestNG.runSuitesSequentially(TestNG.java:1180)
at org.testng.TestNG.runSuitesLocally(TestNG.java:1102)
at org.testng.TestNG.runSuites(TestNG.java:1032)
at org.testng.TestNG.run(TestNG.java:1000)
at org.apache.maven.surefire.testng.TestNGExecutor.run(TestNGExecutor.java:283)
at org.apache.maven.surefire.testng.TestNGXmlTestSuite.execute(TestNGXmlTestSuite.java:75)
at org.apache.maven.surefire.testng.TestNGProvider.invoke(TestNGProvider.java:120)
at org.apache.maven.surefire.booter.ForkedBooter.invokeProviderInSameClassLoader(ForkedBooter.java:384)
at org.apache.maven.surefire.booter.ForkedBooter.runSuitesInProcess(ForkedBooter.java:345)
at org.apache.maven.surefire.booter.ForkedBooter.execute(ForkedBooter.java:126)
at org.apache.maven.surefire.booter.ForkedBooter.main(ForkedBooter.java:418)
]]>
            </full-stacktrace>
          </exception> <!-- java.lang.AssertionError -->
          <reporter-output>
          </reporter-output>
        </test-method> <!-- testPhoneWrongFormatAndEmptyPwd -->
        <test-method status="PASS" signature="teardown()[pri:0, instance:com.yike.testcases.TestLogin@3bde62ff]" name="teardown" is-config="true" duration-ms="1328" started-at="2021-06-19T15:55:33 CST" finished-at="2021-06-19T15:55:34 CST">
          <reporter-output>
          </reporter-output>
        </test-method> <!-- teardown -->
        <test-method status="PASS" signature="setup()[pri:0, instance:com.yike.testcases.TestLogin@3bde62ff]" name="setup" is-config="true" duration-ms="3851" started-at="2021-06-19T15:55:34 CST" finished-at="2021-06-19T15:55:38 CST">
          <reporter-output>
          </reporter-output>
        </test-method> <!-- setup -->
        <test-method status="PASS" signature="testPhoneWrongFormatAndEmptyPwd(java.lang.String, java.lang.String, java.lang.String)[pri:0, instance:com.yike.testcases.TestLogin@3bde62ff]" name="testPhoneWrongFormatAndEmptyPwd" duration-ms="548" started-at="2021-06-19T15:55:38 CST" data-provider="getPhoneWrongFormatAndEmptyPwdDatas" finished-at="2021-06-19T15:55:39 CST">
          <params>
            <param index="0">
              <value>
                <![CDATA[1836122354]]>
              </value>
            </param>
            <param index="1">
              <value>
                <![CDATA[smile123fan]]>
              </value>
            </param>
            <param index="2">
              <value>
                <![CDATA[请输入正确的手机号]]>
              </value>
            </param>
          </params>
          <reporter-output>
          </reporter-output>
        </test-method> <!-- testPhoneWrongFormatAndEmptyPwd -->
        <test-method status="PASS" signature="teardown()[pri:0, instance:com.yike.testcases.TestLogin@3bde62ff]" name="teardown" is-config="true" duration-ms="701" started-at="2021-06-19T15:55:39 CST" finished-at="2021-06-19T15:55:40 CST">
          <reporter-output>
          </reporter-output>
        </test-method> <!-- teardown -->
        <test-method status="PASS" signature="setup()[pri:0, instance:com.yike.testcases.TestLogin@3bde62ff]" name="setup" is-config="true" duration-ms="3286" started-at="2021-06-19T15:55:40 CST" finished-at="2021-06-19T15:55:43 CST">
          <reporter-output>
          </reporter-output>
        </test-method> <!-- setup -->
        <test-method status="PASS" signature="testPhoneWrongFormatAndEmptyPwd(java.lang.String, java.lang.String, java.lang.String)[pri:0, instance:com.yike.testcases.TestLogin@3bde62ff]" name="testPhoneWrongFormatAndEmptyPwd" duration-ms="446" started-at="2021-06-19T15:55:43 CST" data-provider="getPhoneWrongFormatAndEmptyPwdDatas" finished-at="2021-06-19T15:55:43 CST">
          <params>
            <param index="0">
              <value>
                <![CDATA[183612235471]]>
              </value>
            </param>
            <param index="1">
              <value>
                <![CDATA[smile123fan]]>
              </value>
            </param>
            <param index="2">
              <value>
                <![CDATA[请输入正确的手机号]]>
              </value>
            </param>
          </params>
          <reporter-output>
          </reporter-output>
        </test-method> <!-- testPhoneWrongFormatAndEmptyPwd -->
        <test-method status="PASS" signature="teardown()[pri:0, instance:com.yike.testcases.TestLogin@3bde62ff]" name="teardown" is-config="true" duration-ms="722" started-at="2021-06-19T15:55:43 CST" finished-at="2021-06-19T15:55:44 CST">
          <reporter-output>
          </reporter-output>
        </test-method> <!-- teardown -->
        <test-method status="PASS" signature="setup()[pri:0, instance:com.yike.testcases.TestLogin@3bde62ff]" name="setup" is-config="true" duration-ms="4641" started-at="2021-06-19T15:55:44 CST" finished-at="2021-06-19T15:55:49 CST">
          <reporter-output>
          </reporter-output>
        </test-method> <!-- setup -->
        <test-method status="PASS" signature="testPhoneWrongFormatAndEmptyPwd(java.lang.String, java.lang.String, java.lang.String)[pri:0, instance:com.yike.testcases.TestLogin@3bde62ff]" name="testPhoneWrongFormatAndEmptyPwd" duration-ms="457" started-at="2021-06-19T15:55:49 CST" data-provider="getPhoneWrongFormatAndEmptyPwdDatas" finished-at="2021-06-19T15:55:49 CST">
          <params>
            <param index="0">
              <value>
                <![CDATA[11161223547]]>
              </value>
            </param>
            <param index="1">
              <value>
                <![CDATA[smile123fan]]>
              </value>
            </param>
            <param index="2">
              <value>
                <![CDATA[请输入正确的手机号]]>
              </value>
            </param>
          </params>
          <reporter-output>
          </reporter-output>
        </test-method> <!-- testPhoneWrongFormatAndEmptyPwd -->
        <test-method status="PASS" signature="teardown()[pri:0, instance:com.yike.testcases.TestLogin@3bde62ff]" name="teardown" is-config="true" duration-ms="1153" started-at="2021-06-19T15:55:49 CST" finished-at="2021-06-19T15:55:50 CST">
          <reporter-output>
          </reporter-output>
        </test-method> <!-- teardown -->
        <test-method status="PASS" signature="setup()[pri:0, instance:com.yike.testcases.TestLogin@3bde62ff]" name="setup" is-config="true" duration-ms="13003" started-at="2021-06-19T15:55:50 CST" finished-at="2021-06-19T15:56:03 CST">
          <reporter-output>
          </reporter-output>
        </test-method> <!-- setup -->
        <test-method status="PASS" signature="testPhoneWrongFormatAndEmptyPwd(java.lang.String, java.lang.String, java.lang.String)[pri:0, instance:com.yike.testcases.TestLogin@3bde62ff]" name="testPhoneWrongFormatAndEmptyPwd" duration-ms="429" started-at="2021-06-19T15:56:03 CST" data-provider="getPhoneWrongFormatAndEmptyPwdDatas" finished-at="2021-06-19T15:56:04 CST">
          <params>
            <param index="0">
              <value>
                <![CDATA[1585901925%]]>
              </value>
            </param>
            <param index="1">
              <value>
                <![CDATA[smile124fan]]>
              </value>
            </param>
            <param index="2">
              <value>
                <![CDATA[请输入正确的手机号]]>
              </value>
            </param>
          </params>
          <reporter-output>
          </reporter-output>
        </test-method> <!-- testPhoneWrongFormatAndEmptyPwd -->
        <test-method status="PASS" signature="teardown()[pri:0, instance:com.yike.testcases.TestLogin@3bde62ff]" name="teardown" is-config="true" duration-ms="713" started-at="2021-06-19T15:56:04 CST" finished-at="2021-06-19T15:56:05 CST">
          <reporter-output>
          </reporter-output>
        </test-method> <!-- teardown -->
        <test-method status="PASS" signature="setup()[pri:0, instance:com.yike.testcases.TestLogin@3bde62ff]" name="setup" is-config="true" duration-ms="3659" started-at="2021-06-19T15:56:05 CST" finished-at="2021-06-19T15:56:08 CST">
          <reporter-output>
          </reporter-output>
        </test-method> <!-- setup -->
        <test-method status="PASS" signature="testPhoneWrongFormatAndEmptyPwd(java.lang.String, java.lang.String, java.lang.String)[pri:0, instance:com.yike.testcases.TestLogin@3bde62ff]" name="testPhoneWrongFormatAndEmptyPwd" duration-ms="505" started-at="2021-06-19T15:56:08 CST" data-provider="getPhoneWrongFormatAndEmptyPwdDatas" finished-at="2021-06-19T15:56:09 CST">
          <params>
            <param index="0">
              <value>
                <![CDATA[18361223547]]>
              </value>
            </param>
            <param index="1">
              <value>
                <![CDATA[]]>
              </value>
            </param>
            <param index="2">
              <value>
                <![CDATA[请输入密码]]>
              </value>
            </param>
          </params>
          <reporter-output>
          </reporter-output>
        </test-method> <!-- testPhoneWrongFormatAndEmptyPwd -->
        <test-method status="PASS" signature="teardown()[pri:0, instance:com.yike.testcases.TestLogin@3bde62ff]" name="teardown" is-config="true" duration-ms="730" started-at="2021-06-19T15:56:09 CST" finished-at="2021-06-19T15:56:09 CST">
          <reporter-output>
          </reporter-output>
        </test-method> <!-- teardown -->
        <test-method status="PASS" signature="setup()[pri:0, instance:com.yike.testcases.TestLogin@3bde62ff]" name="setup" is-config="true" duration-ms="4571" started-at="2021-06-19T15:56:10 CST" finished-at="2021-06-19T15:56:14 CST">
          <reporter-output>
          </reporter-output>
        </test-method> <!-- setup -->
        <test-method status="PASS" signature="testPhoneUnregisterAndWrongPwd(java.lang.String, java.lang.String, java.lang.String)[pri:0, instance:com.yike.testcases.TestLogin@3bde62ff]" name="testPhoneUnregisterAndWrongPwd" duration-ms="1499" started-at="2021-06-19T15:56:14 CST" data-provider="getPhoneUnregisterAndWrongPwdDatas" finished-at="2021-06-19T15:56:16 CST">
          <params>
            <param index="0">
              <value>
                <![CDATA[15859019266]]>
              </value>
            </param>
            <param index="1">
              <value>
                <![CDATA[smile123fan]]>
              </value>
            </param>
            <param index="2">
              <value>
                <![CDATA[此账号没有经过授权，请联系管理员!]]>
              </value>
            </param>
          </params>
          <reporter-output>
          </reporter-output>
        </test-method> <!-- testPhoneUnregisterAndWrongPwd -->
        <test-method status="PASS" signature="teardown()[pri:0, instance:com.yike.testcases.TestLogin@3bde62ff]" name="teardown" is-config="true" duration-ms="760" started-at="2021-06-19T15:56:16 CST" finished-at="2021-06-19T15:56:16 CST">
          <reporter-output>
          </reporter-output>
        </test-method> <!-- teardown -->
        <test-method status="PASS" signature="setup()[pri:0, instance:com.yike.testcases.TestLogin@3bde62ff]" name="setup" is-config="true" duration-ms="4511" started-at="2021-06-19T15:56:16 CST" finished-at="2021-06-19T15:56:21 CST">
          <reporter-output>
          </reporter-output>
        </test-method> <!-- setup -->
        <test-method status="PASS" signature="testPhoneUnregisterAndWrongPwd(java.lang.String, java.lang.String, java.lang.String)[pri:0, instance:com.yike.testcases.TestLogin@3bde62ff]" name="testPhoneUnregisterAndWrongPwd" duration-ms="1182" started-at="2021-06-19T15:56:21 CST" data-provider="getPhoneUnregisterAndWrongPwdDatas" finished-at="2021-06-19T15:56:22 CST">
          <params>
            <param index="0">
              <value>
                <![CDATA[18361223547]]>
              </value>
            </param>
            <param index="1">
              <value>
                <![CDATA[smile123]]>
              </value>
            </param>
            <param index="2">
              <value>
                <![CDATA[帐号或密码错误!]]>
              </value>
            </param>
          </params>
          <reporter-output>
          </reporter-output>
        </test-method> <!-- testPhoneUnregisterAndWrongPwd -->
        <test-method status="PASS" signature="teardown()[pri:0, instance:com.yike.testcases.TestLogin@3bde62ff]" name="teardown" is-config="true" duration-ms="773" started-at="2021-06-19T15:56:22 CST" finished-at="2021-06-19T15:56:23 CST">
          <reporter-output>
          </reporter-output>
        </test-method> <!-- teardown -->
        <test-method status="PASS" signature="setup()[pri:0, instance:com.yike.testcases.TestLogin@3bde62ff]" name="setup" is-config="true" duration-ms="3329" started-at="2021-06-19T15:56:23 CST" finished-at="2021-06-19T15:56:26 CST">
          <reporter-output>
          </reporter-output>
        </test-method> <!-- setup -->
        <test-method status="PASS" signature="testPhoneUnregisterAndWrongPwd(java.lang.String, java.lang.String, java.lang.String)[pri:0, instance:com.yike.testcases.TestLogin@3bde62ff]" name="testPhoneUnregisterAndWrongPwd" duration-ms="620" started-at="2021-06-19T15:56:26 CST" data-provider="getPhoneUnregisterAndWrongPwdDatas" finished-at="2021-06-19T15:56:27 CST">
          <params>
            <param index="0">
              <value>
                <![CDATA[18361223547]]>
              </value>
            </param>
            <param index="1">
              <value>
                <![CDATA[smile12312434435466]]>
              </value>
            </param>
            <param index="2">
              <value>
                <![CDATA[帐号或密码错误!]]>
              </value>
            </param>
          </params>
          <reporter-output>
          </reporter-output>
        </test-method> <!-- testPhoneUnregisterAndWrongPwd -->
        <test-method status="PASS" signature="teardown()[pri:0, instance:com.yike.testcases.TestLogin@3bde62ff]" name="teardown" is-config="true" duration-ms="709" started-at="2021-06-19T15:56:27 CST" finished-at="2021-06-19T15:56:28 CST">
          <reporter-output>
          </reporter-output>
        </test-method> <!-- teardown -->
        <test-method status="PASS" signature="setup()[pri:0, instance:com.yike.testcases.TestLogin@3bde62ff]" name="setup" is-config="true" duration-ms="3715" started-at="2021-06-19T15:56:28 CST" finished-at="2021-06-19T15:56:31 CST">
          <reporter-output>
          </reporter-output>
        </test-method> <!-- setup -->
        <test-method status="PASS" signature="testPhoneUnregisterAndWrongPwd(java.lang.String, java.lang.String, java.lang.String)[pri:0, instance:com.yike.testcases.TestLogin@3bde62ff]" name="testPhoneUnregisterAndWrongPwd" duration-ms="1154" started-at="2021-06-19T15:56:31 CST" data-provider="getPhoneUnregisterAndWrongPwdDatas" finished-at="2021-06-19T15:56:32 CST">
          <params>
            <param index="0">
              <value>
                <![CDATA[18361223547]]>
              </value>
            </param>
            <param index="1">
              <value>
                <![CDATA[smile123FAN]]>
              </value>
            </param>
            <param index="2">
              <value>
                <![CDATA[帐号或密码错误!]]>
              </value>
            </param>
          </params>
          <reporter-output>
          </reporter-output>
        </test-method> <!-- testPhoneUnregisterAndWrongPwd -->
        <test-method status="PASS" signature="teardown()[pri:0, instance:com.yike.testcases.TestLogin@3bde62ff]" name="teardown" is-config="true" duration-ms="1160" started-at="2021-06-19T15:56:32 CST" finished-at="2021-06-19T15:56:34 CST">
          <reporter-output>
          </reporter-output>
        </test-method> <!-- teardown -->
        <test-method status="PASS" signature="setup()[pri:0, instance:com.yike.testcases.TestLogin@3bde62ff]" name="setup" is-config="true" duration-ms="5089" started-at="2021-06-19T15:56:34 CST" finished-at="2021-06-19T15:56:39 CST">
          <reporter-output>
          </reporter-output>
        </test-method> <!-- setup -->
        <test-method status="PASS" signature="testPhoneUnregisterAndWrongPwd(java.lang.String, java.lang.String, java.lang.String)[pri:0, instance:com.yike.testcases.TestLogin@3bde62ff]" name="testPhoneUnregisterAndWrongPwd" duration-ms="1268" started-at="2021-06-19T15:56:39 CST" data-provider="getPhoneUnregisterAndWrongPwdDatas" finished-at="2021-06-19T15:56:40 CST">
          <params>
            <param index="0">
              <value>
                <![CDATA[18361223547]]>
              </value>
            </param>
            <param index="1">
              <value>
                <![CDATA[smile 123]]>
              </value>
            </param>
            <param index="2">
              <value>
                <![CDATA[帐号或密码错误!]]>
              </value>
            </param>
          </params>
          <reporter-output>
          </reporter-output>
        </test-method> <!-- testPhoneUnregisterAndWrongPwd -->
        <test-method status="PASS" signature="teardown()[pri:0, instance:com.yike.testcases.TestLogin@3bde62ff]" name="teardown" is-config="true" duration-ms="717" started-at="2021-06-19T15:56:40 CST" finished-at="2021-06-19T15:56:41 CST">
          <reporter-output>
          </reporter-output>
        </test-method> <!-- teardown -->
      </class> <!-- com.yike.testcases.TestLogin -->
      <class name="com.yike.testcases.TestInvest">
        <test-method status="PASS" signature="setup()[pri:0, instance:com.yike.testcases.TestInvest@a1217f9]" name="setup" is-config="true" duration-ms="28677" started-at="2021-06-19T15:54:28 CST" finished-at="2021-06-19T15:54:56 CST">
          <reporter-output>
          </reporter-output>
        </test-method> <!-- setup -->
        <test-method status="PASS" signature="testInvestSuccess()[pri:0, instance:com.yike.testcases.TestInvest@a1217f9]" name="testInvestSuccess" duration-ms="16959" started-at="2021-06-19T15:54:56 CST" finished-at="2021-06-19T15:55:13 CST">
          <reporter-output>
          </reporter-output>
        </test-method> <!-- testInvestSuccess -->
        <test-method status="PASS" signature="teardown()[pri:0, instance:com.yike.testcases.TestInvest@a1217f9]" name="teardown" is-config="true" duration-ms="829" started-at="2021-06-19T15:55:14 CST" finished-at="2021-06-19T15:55:14 CST">
          <reporter-output>
          </reporter-output>
        </test-method> <!-- teardown -->
      </class> <!-- com.yike.testcases.TestInvest -->
    </test> <!-- D:/code/java_web_frame -->
  </suite> <!-- All Test Suite -->
</testng-results>
