<?xml version="1.0" encoding="UTF-8"?>
<testng-results skipped="0" failed="1" ignored="0" total="13" passed="12">
  <reporter-output>
  </reporter-output>
  <suite name="All Test Suite" duration-ms="75466" started-at="2021-05-26T15:39:19 CST" finished-at="2021-05-26T15:40:34 CST">
    <groups>
    </groups>
    <test name="D:/code/java_web_frame" duration-ms="75466" started-at="2021-05-26T15:39:19 CST" finished-at="2021-05-26T15:40:34 CST">
      <class name="com.yike.testcases.TestLogin">
        <test-method status="PASS" signature="setup()[pri:0, instance:com.yike.testcases.TestLogin@523424b5]" name="setup" is-config="true" duration-ms="2030" started-at="2021-05-26T15:39:54 CST" finished-at="2021-05-26T15:39:56 CST">
          <reporter-output>
          </reporter-output>
        </test-method> <!-- setup -->
        <test-method status="PASS" signature="testLoginSuccess()[pri:0, instance:com.yike.testcases.TestLogin@523424b5]" name="testLoginSuccess" duration-ms="1308" started-at="2021-05-26T15:39:56 CST" finished-at="2021-05-26T15:39:57 CST">
          <reporter-output>
          </reporter-output>
        </test-method> <!-- testLoginSuccess -->
        <test-method status="PASS" signature="teardown()[pri:0, instance:com.yike.testcases.TestLogin@523424b5]" name="teardown" is-config="true" duration-ms="659" started-at="2021-05-26T15:39:57 CST" finished-at="2021-05-26T15:39:58 CST">
          <reporter-output>
          </reporter-output>
        </test-method> <!-- teardown -->
        <test-method status="PASS" signature="setup()[pri:0, instance:com.yike.testcases.TestLogin@523424b5]" name="setup" is-config="true" duration-ms="2092" started-at="2021-05-26T15:39:58 CST" finished-at="2021-05-26T15:40:00 CST">
          <reporter-output>
          </reporter-output>
        </test-method> <!-- setup -->
        <test-method status="FAIL" signature="testPhoneWrongFormatAndEmptyPwd(java.lang.String, java.lang.String, java.lang.String)[pri:0, instance:com.yike.testcases.TestLogin@523424b5]" name="testPhoneWrongFormatAndEmptyPwd" duration-ms="855" started-at="2021-05-26T15:40:00 CST" data-provider="getPhoneWrongFormatAndEmptyPwdDatas" finished-at="2021-05-26T15:40:01 CST">
          <params>
            <param index="0">
              <value>
                <![CDATA[]]>
              </value>
            </param>
            <param index="1">
              <value>
                <![CDATA[smile123fan]]>
              </value>
            </param>
            <param index="2">
              <value>
                <![CDATA[请输入手机]]>
              </value>
            </param>
          </params>
          <exception class="java.lang.AssertionError">
            <message>
              <![CDATA[expected [请输入手机] but found [请输入手机号]]]>
            </message>
            <full-stacktrace>
              <![CDATA[java.lang.AssertionError: expected [请输入手机] but found [请输入手机号]
at org.testng.Assert.fail(Assert.java:97)
at org.testng.Assert.assertEqualsImpl(Assert.java:136)
at org.testng.Assert.assertEquals(Assert.java:118)
at org.testng.Assert.assertEquals(Assert.java:575)
at org.testng.Assert.assertEquals(Assert.java:585)
at com.yike.base.Assertion.myAssertEquals(Assertion.java:56)
at com.yike.testcases.TestLogin.testPhoneWrongFormatAndEmptyPwd(TestLogin.java:48)
at sun.reflect.NativeMethodAccessorImpl.invoke0(Native Method)
at sun.reflect.NativeMethodAccessorImpl.invoke(NativeMethodAccessorImpl.java:62)
at sun.reflect.DelegatingMethodAccessorImpl.invoke(DelegatingMethodAccessorImpl.java:43)
at java.lang.reflect.Method.invoke(Method.java:498)
at org.testng.internal.MethodInvocationHelper.invokeMethod(MethodInvocationHelper.java:133)
at org.testng.internal.MethodInvocationHelper$1.runTestMethod(MethodInvocationHelper.java:239)
at com.yike.listener.TestFailListener.run(TestFailListener.java:22)
at org.testng.internal.MethodInvocationHelper.invokeHookable(MethodInvocationHelper.java:251)
at org.testng.internal.TestInvoker.invokeMethod(TestInvoker.java:580)
at org.testng.internal.TestInvoker.invokeTestMethod(TestInvoker.java:172)
at org.testng.internal.MethodRunner.runInSequence(MethodRunner.java:46)
at org.testng.internal.TestInvoker$MethodInvocationAgent.invoke(TestInvoker.java:804)
at org.testng.internal.TestInvoker.invokeTestMethods(TestInvoker.java:145)
at org.testng.internal.TestMethodWorker.invokeTestMethods(TestMethodWorker.java:146)
at org.testng.internal.TestMethodWorker.run(TestMethodWorker.java:128)
at java.util.ArrayList.forEach(ArrayList.java:1257)
at org.testng.TestRunner.privateRun(TestRunner.java:770)
at org.testng.TestRunner.run(TestRunner.java:591)
at org.testng.SuiteRunner.runTest(SuiteRunner.java:402)
at org.testng.SuiteRunner.runSequentially(SuiteRunner.java:396)
at org.testng.SuiteRunner.privateRun(SuiteRunner.java:355)
at org.testng.SuiteRunner.run(SuiteRunner.java:304)
at org.testng.SuiteRunnerWorker.runSuite(SuiteRunnerWorker.java:53)
at org.testng.SuiteRunnerWorker.run(SuiteRunnerWorker.java:96)
at org.testng.TestNG.runSuitesSequentially(TestNG.java:1180)
at org.testng.TestNG.runSuitesLocally(TestNG.java:1102)
at org.testng.TestNG.runSuites(TestNG.java:1032)
at org.testng.TestNG.run(TestNG.java:1000)
at org.apache.maven.surefire.testng.TestNGExecutor.run(TestNGExecutor.java:283)
at org.apache.maven.surefire.testng.TestNGXmlTestSuite.execute(TestNGXmlTestSuite.java:75)
at org.apache.maven.surefire.testng.TestNGProvider.invoke(TestNGProvider.java:120)
at org.apache.maven.surefire.booter.ForkedBooter.invokeProviderInSameClassLoader(ForkedBooter.java:384)
at org.apache.maven.surefire.booter.ForkedBooter.runSuitesInProcess(ForkedBooter.java:345)
at org.apache.maven.surefire.booter.ForkedBooter.execute(ForkedBooter.java:126)
at org.apache.maven.surefire.booter.ForkedBooter.main(ForkedBooter.java:418)
]]>
            </full-stacktrace>
          </exception> <!-- java.lang.AssertionError -->
          <reporter-output>
          </reporter-output>
        </test-method> <!-- testPhoneWrongFormatAndEmptyPwd -->
        <test-method status="PASS" signature="teardown()[pri:0, instance:com.yike.testcases.TestLogin@523424b5]" name="teardown" is-config="true" duration-ms="673" started-at="2021-05-26T15:40:01 CST" finished-at="2021-05-26T15:40:01 CST">
          <reporter-output>
          </reporter-output>
        </test-method> <!-- teardown -->
        <test-method status="PASS" signature="setup()[pri:0, instance:com.yike.testcases.TestLogin@523424b5]" name="setup" is-config="true" duration-ms="1973" started-at="2021-05-26T15:40:01 CST" finished-at="2021-05-26T15:40:03 CST">
          <reporter-output>
          </reporter-output>
        </test-method> <!-- setup -->
        <test-method status="PASS" signature="testPhoneWrongFormatAndEmptyPwd(java.lang.String, java.lang.String, java.lang.String)[pri:0, instance:com.yike.testcases.TestLogin@523424b5]" name="testPhoneWrongFormatAndEmptyPwd" duration-ms="312" started-at="2021-05-26T15:40:03 CST" data-provider="getPhoneWrongFormatAndEmptyPwdDatas" finished-at="2021-05-26T15:40:04 CST">
          <params>
            <param index="0">
              <value>
                <![CDATA[1836122354]]>
              </value>
            </param>
            <param index="1">
              <value>
                <![CDATA[smile123fan]]>
              </value>
            </param>
            <param index="2">
              <value>
                <![CDATA[请输入正确的手机号]]>
              </value>
            </param>
          </params>
          <reporter-output>
          </reporter-output>
        </test-method> <!-- testPhoneWrongFormatAndEmptyPwd -->
        <test-method status="PASS" signature="teardown()[pri:0, instance:com.yike.testcases.TestLogin@523424b5]" name="teardown" is-config="true" duration-ms="658" started-at="2021-05-26T15:40:04 CST" finished-at="2021-05-26T15:40:04 CST">
          <reporter-output>
          </reporter-output>
        </test-method> <!-- teardown -->
        <test-method status="PASS" signature="setup()[pri:0, instance:com.yike.testcases.TestLogin@523424b5]" name="setup" is-config="true" duration-ms="1941" started-at="2021-05-26T15:40:04 CST" finished-at="2021-05-26T15:40:06 CST">
          <reporter-output>
          </reporter-output>
        </test-method> <!-- setup -->
        <test-method status="PASS" signature="testPhoneWrongFormatAndEmptyPwd(java.lang.String, java.lang.String, java.lang.String)[pri:0, instance:com.yike.testcases.TestLogin@523424b5]" name="testPhoneWrongFormatAndEmptyPwd" duration-ms="348" started-at="2021-05-26T15:40:06 CST" data-provider="getPhoneWrongFormatAndEmptyPwdDatas" finished-at="2021-05-26T15:40:07 CST">
          <params>
            <param index="0">
              <value>
                <![CDATA[183612235471]]>
              </value>
            </param>
            <param index="1">
              <value>
                <![CDATA[smile123fan]]>
              </value>
            </param>
            <param index="2">
              <value>
                <![CDATA[请输入正确的手机号]]>
              </value>
            </param>
          </params>
          <reporter-output>
          </reporter-output>
        </test-method> <!-- testPhoneWrongFormatAndEmptyPwd -->
        <test-method status="PASS" signature="teardown()[pri:0, instance:com.yike.testcases.TestLogin@523424b5]" name="teardown" is-config="true" duration-ms="655" started-at="2021-05-26T15:40:07 CST" finished-at="2021-05-26T15:40:07 CST">
          <reporter-output>
          </reporter-output>
        </test-method> <!-- teardown -->
        <test-method status="PASS" signature="setup()[pri:0, instance:com.yike.testcases.TestLogin@523424b5]" name="setup" is-config="true" duration-ms="1964" started-at="2021-05-26T15:40:07 CST" finished-at="2021-05-26T15:40:09 CST">
          <reporter-output>
          </reporter-output>
        </test-method> <!-- setup -->
        <test-method status="PASS" signature="testPhoneWrongFormatAndEmptyPwd(java.lang.String, java.lang.String, java.lang.String)[pri:0, instance:com.yike.testcases.TestLogin@523424b5]" name="testPhoneWrongFormatAndEmptyPwd" duration-ms="344" started-at="2021-05-26T15:40:09 CST" data-provider="getPhoneWrongFormatAndEmptyPwdDatas" finished-at="2021-05-26T15:40:10 CST">
          <params>
            <param index="0">
              <value>
                <![CDATA[11161223547]]>
              </value>
            </param>
            <param index="1">
              <value>
                <![CDATA[smile123fan]]>
              </value>
            </param>
            <param index="2">
              <value>
                <![CDATA[请输入正确的手机号]]>
              </value>
            </param>
          </params>
          <reporter-output>
          </reporter-output>
        </test-method> <!-- testPhoneWrongFormatAndEmptyPwd -->
        <test-method status="PASS" signature="teardown()[pri:0, instance:com.yike.testcases.TestLogin@523424b5]" name="teardown" is-config="true" duration-ms="644" started-at="2021-05-26T15:40:10 CST" finished-at="2021-05-26T15:40:10 CST">
          <reporter-output>
          </reporter-output>
        </test-method> <!-- teardown -->
        <test-method status="PASS" signature="setup()[pri:0, instance:com.yike.testcases.TestLogin@523424b5]" name="setup" is-config="true" duration-ms="2080" started-at="2021-05-26T15:40:10 CST" finished-at="2021-05-26T15:40:12 CST">
          <reporter-output>
          </reporter-output>
        </test-method> <!-- setup -->
        <test-method status="PASS" signature="testPhoneWrongFormatAndEmptyPwd(java.lang.String, java.lang.String, java.lang.String)[pri:0, instance:com.yike.testcases.TestLogin@523424b5]" name="testPhoneWrongFormatAndEmptyPwd" duration-ms="328" started-at="2021-05-26T15:40:12 CST" data-provider="getPhoneWrongFormatAndEmptyPwdDatas" finished-at="2021-05-26T15:40:13 CST">
          <params>
            <param index="0">
              <value>
                <![CDATA[1585901925%]]>
              </value>
            </param>
            <param index="1">
              <value>
                <![CDATA[smile124fan]]>
              </value>
            </param>
            <param index="2">
              <value>
                <![CDATA[请输入正确的手机号]]>
              </value>
            </param>
          </params>
          <reporter-output>
          </reporter-output>
        </test-method> <!-- testPhoneWrongFormatAndEmptyPwd -->
        <test-method status="PASS" signature="teardown()[pri:0, instance:com.yike.testcases.TestLogin@523424b5]" name="teardown" is-config="true" duration-ms="653" started-at="2021-05-26T15:40:13 CST" finished-at="2021-05-26T15:40:13 CST">
          <reporter-output>
          </reporter-output>
        </test-method> <!-- teardown -->
        <test-method status="PASS" signature="setup()[pri:0, instance:com.yike.testcases.TestLogin@523424b5]" name="setup" is-config="true" duration-ms="1920" started-at="2021-05-26T15:40:13 CST" finished-at="2021-05-26T15:40:15 CST">
          <reporter-output>
          </reporter-output>
        </test-method> <!-- setup -->
        <test-method status="PASS" signature="testPhoneWrongFormatAndEmptyPwd(java.lang.String, java.lang.String, java.lang.String)[pri:0, instance:com.yike.testcases.TestLogin@523424b5]" name="testPhoneWrongFormatAndEmptyPwd" duration-ms="295" started-at="2021-05-26T15:40:15 CST" data-provider="getPhoneWrongFormatAndEmptyPwdDatas" finished-at="2021-05-26T15:40:16 CST">
          <params>
            <param index="0">
              <value>
                <![CDATA[18361223547]]>
              </value>
            </param>
            <param index="1">
              <value>
                <![CDATA[]]>
              </value>
            </param>
            <param index="2">
              <value>
                <![CDATA[请输入密码]]>
              </value>
            </param>
          </params>
          <reporter-output>
          </reporter-output>
        </test-method> <!-- testPhoneWrongFormatAndEmptyPwd -->
        <test-method status="PASS" signature="teardown()[pri:0, instance:com.yike.testcases.TestLogin@523424b5]" name="teardown" is-config="true" duration-ms="657" started-at="2021-05-26T15:40:16 CST" finished-at="2021-05-26T15:40:16 CST">
          <reporter-output>
          </reporter-output>
        </test-method> <!-- teardown -->
        <test-method status="PASS" signature="setup()[pri:0, instance:com.yike.testcases.TestLogin@523424b5]" name="setup" is-config="true" duration-ms="2054" started-at="2021-05-26T15:40:16 CST" finished-at="2021-05-26T15:40:18 CST">
          <reporter-output>
          </reporter-output>
        </test-method> <!-- setup -->
        <test-method status="PASS" signature="testPhoneUnregisterAndWrongPwd(java.lang.String, java.lang.String, java.lang.String)[pri:0, instance:com.yike.testcases.TestLogin@523424b5]" name="testPhoneUnregisterAndWrongPwd" duration-ms="982" started-at="2021-05-26T15:40:18 CST" data-provider="getPhoneUnregisterAndWrongPwdDatas" finished-at="2021-05-26T15:40:19 CST">
          <params>
            <param index="0">
              <value>
                <![CDATA[15859019266]]>
              </value>
            </param>
            <param index="1">
              <value>
                <![CDATA[smile123fan]]>
              </value>
            </param>
            <param index="2">
              <value>
                <![CDATA[此账号没有经过授权，请联系管理员!]]>
              </value>
            </param>
          </params>
          <reporter-output>
          </reporter-output>
        </test-method> <!-- testPhoneUnregisterAndWrongPwd -->
        <test-method status="PASS" signature="teardown()[pri:0, instance:com.yike.testcases.TestLogin@523424b5]" name="teardown" is-config="true" duration-ms="648" started-at="2021-05-26T15:40:19 CST" finished-at="2021-05-26T15:40:20 CST">
          <reporter-output>
          </reporter-output>
        </test-method> <!-- teardown -->
        <test-method status="PASS" signature="setup()[pri:0, instance:com.yike.testcases.TestLogin@523424b5]" name="setup" is-config="true" duration-ms="2106" started-at="2021-05-26T15:40:20 CST" finished-at="2021-05-26T15:40:22 CST">
          <reporter-output>
          </reporter-output>
        </test-method> <!-- setup -->
        <test-method status="PASS" signature="testPhoneUnregisterAndWrongPwd(java.lang.String, java.lang.String, java.lang.String)[pri:0, instance:com.yike.testcases.TestLogin@523424b5]" name="testPhoneUnregisterAndWrongPwd" duration-ms="935" started-at="2021-05-26T15:40:22 CST" data-provider="getPhoneUnregisterAndWrongPwdDatas" finished-at="2021-05-26T15:40:23 CST">
          <params>
            <param index="0">
              <value>
                <![CDATA[18361223547]]>
              </value>
            </param>
            <param index="1">
              <value>
                <![CDATA[smile123]]>
              </value>
            </param>
            <param index="2">
              <value>
                <![CDATA[帐号或密码错误!]]>
              </value>
            </param>
          </params>
          <reporter-output>
          </reporter-output>
        </test-method> <!-- testPhoneUnregisterAndWrongPwd -->
        <test-method status="PASS" signature="teardown()[pri:0, instance:com.yike.testcases.TestLogin@523424b5]" name="teardown" is-config="true" duration-ms="651" started-at="2021-05-26T15:40:23 CST" finished-at="2021-05-26T15:40:24 CST">
          <reporter-output>
          </reporter-output>
        </test-method> <!-- teardown -->
        <test-method status="PASS" signature="setup()[pri:0, instance:com.yike.testcases.TestLogin@523424b5]" name="setup" is-config="true" duration-ms="2293" started-at="2021-05-26T15:40:24 CST" finished-at="2021-05-26T15:40:26 CST">
          <reporter-output>
          </reporter-output>
        </test-method> <!-- setup -->
        <test-method status="PASS" signature="testPhoneUnregisterAndWrongPwd(java.lang.String, java.lang.String, java.lang.String)[pri:0, instance:com.yike.testcases.TestLogin@523424b5]" name="testPhoneUnregisterAndWrongPwd" duration-ms="558" started-at="2021-05-26T15:40:26 CST" data-provider="getPhoneUnregisterAndWrongPwdDatas" finished-at="2021-05-26T15:40:27 CST">
          <params>
            <param index="0">
              <value>
                <![CDATA[18361223547]]>
              </value>
            </param>
            <param index="1">
              <value>
                <![CDATA[smile12312434435466]]>
              </value>
            </param>
            <param index="2">
              <value>
                <![CDATA[帐号或密码错误!]]>
              </value>
            </param>
          </params>
          <reporter-output>
          </reporter-output>
        </test-method> <!-- testPhoneUnregisterAndWrongPwd -->
        <test-method status="PASS" signature="teardown()[pri:0, instance:com.yike.testcases.TestLogin@523424b5]" name="teardown" is-config="true" duration-ms="658" started-at="2021-05-26T15:40:27 CST" finished-at="2021-05-26T15:40:27 CST">
          <reporter-output>
          </reporter-output>
        </test-method> <!-- teardown -->
        <test-method status="PASS" signature="setup()[pri:0, instance:com.yike.testcases.TestLogin@523424b5]" name="setup" is-config="true" duration-ms="2102" started-at="2021-05-26T15:40:27 CST" finished-at="2021-05-26T15:40:29 CST">
          <reporter-output>
          </reporter-output>
        </test-method> <!-- setup -->
        <test-method status="PASS" signature="testPhoneUnregisterAndWrongPwd(java.lang.String, java.lang.String, java.lang.String)[pri:0, instance:com.yike.testcases.TestLogin@523424b5]" name="testPhoneUnregisterAndWrongPwd" duration-ms="528" started-at="2021-05-26T15:40:29 CST" data-provider="getPhoneUnregisterAndWrongPwdDatas" finished-at="2021-05-26T15:40:30 CST">
          <params>
            <param index="0">
              <value>
                <![CDATA[18361223547]]>
              </value>
            </param>
            <param index="1">
              <value>
                <![CDATA[smile123FAN]]>
              </value>
            </param>
            <param index="2">
              <value>
                <![CDATA[帐号或密码错误!]]>
              </value>
            </param>
          </params>
          <reporter-output>
          </reporter-output>
        </test-method> <!-- testPhoneUnregisterAndWrongPwd -->
        <test-method status="PASS" signature="teardown()[pri:0, instance:com.yike.testcases.TestLogin@523424b5]" name="teardown" is-config="true" duration-ms="655" started-at="2021-05-26T15:40:30 CST" finished-at="2021-05-26T15:40:30 CST">
          <reporter-output>
          </reporter-output>
        </test-method> <!-- teardown -->
        <test-method status="PASS" signature="setup()[pri:0, instance:com.yike.testcases.TestLogin@523424b5]" name="setup" is-config="true" duration-ms="2117" started-at="2021-05-26T15:40:30 CST" finished-at="2021-05-26T15:40:33 CST">
          <reporter-output>
          </reporter-output>
        </test-method> <!-- setup -->
        <test-method status="PASS" signature="testPhoneUnregisterAndWrongPwd(java.lang.String, java.lang.String, java.lang.String)[pri:0, instance:com.yike.testcases.TestLogin@523424b5]" name="testPhoneUnregisterAndWrongPwd" duration-ms="1024" started-at="2021-05-26T15:40:33 CST" data-provider="getPhoneUnregisterAndWrongPwdDatas" finished-at="2021-05-26T15:40:34 CST">
          <params>
            <param index="0">
              <value>
                <![CDATA[18361223547]]>
              </value>
            </param>
            <param index="1">
              <value>
                <![CDATA[smile 123]]>
              </value>
            </param>
            <param index="2">
              <value>
                <![CDATA[帐号或密码错误!]]>
              </value>
            </param>
          </params>
          <reporter-output>
          </reporter-output>
        </test-method> <!-- testPhoneUnregisterAndWrongPwd -->
        <test-method status="PASS" signature="teardown()[pri:0, instance:com.yike.testcases.TestLogin@523424b5]" name="teardown" is-config="true" duration-ms="630" started-at="2021-05-26T15:40:34 CST" finished-at="2021-05-26T15:40:34 CST">
          <reporter-output>
          </reporter-output>
        </test-method> <!-- teardown -->
      </class> <!-- com.yike.testcases.TestLogin -->
      <class name="com.yike.testcases.TestInvest">
        <test-method status="PASS" signature="setup()[pri:0, instance:com.yike.testcases.TestInvest@3bde62ff]" name="setup" is-config="true" duration-ms="21416" started-at="2021-05-26T15:39:19 CST" finished-at="2021-05-26T15:39:40 CST">
          <reporter-output>
          </reporter-output>
        </test-method> <!-- setup -->
        <test-method status="PASS" signature="testInvestSuccess()[pri:0, instance:com.yike.testcases.TestInvest@3bde62ff]" name="testInvestSuccess" duration-ms="12602" started-at="2021-05-26T15:39:40 CST" finished-at="2021-05-26T15:39:53 CST">
          <reporter-output>
          </reporter-output>
        </test-method> <!-- testInvestSuccess -->
        <test-method status="PASS" signature="teardown()[pri:0, instance:com.yike.testcases.TestInvest@3bde62ff]" name="teardown" is-config="true" duration-ms="695" started-at="2021-05-26T15:39:53 CST" finished-at="2021-05-26T15:39:54 CST">
          <reporter-output>
          </reporter-output>
        </test-method> <!-- teardown -->
      </class> <!-- com.yike.testcases.TestInvest -->
    </test> <!-- D:/code/java_web_frame -->
  </suite> <!-- All Test Suite -->
</testng-results>
