-------------------------------------------------------------------------------
Test set: TestSuite
-------------------------------------------------------------------------------
Tests run: 13, Failures: 1, Errors: 0, Skipped: 0, Time elapsed: 135.748 s <<< FAILURE! - in TestSuite
testPhoneWrongFormatAndEmptyPwd(com.yike.testcases.TestLogin)  Time elapsed: 0.873 s  <<< FAILURE!
java.lang.AssertionError: expected [请输入手机] but found [请输入手机号]
	at com.yike.testcases.TestLogin.testPhoneWrongFormatAndEmptyPwd(TestLogin.java:48)

